[2023-11-26 15:38:08] request.INFO: Matched route "admin_themes_import". {"route":"admin_themes_import","route_parameters":{"_controller":"PrestaShopBundle\\Controller\\Admin\\Improve\\Design\\ThemeController::importAction","_legacy_controller":"AdminThemes","_legacy_link":"AdminThemes:importtheme","_route":"admin_themes_import"},"request_uri":"http://localhost:8080/admintokar/index.php/improve/design/themes/import?_token=3qNVoKmXEoCSQ5-Iwlzi6T3IzR5RTarjjlhqjjV8aXk","method":"POST"} []
[2023-11-26 15:38:08] security.DEBUG: Read existing security token from the session. {"key":"_security_main","token_class":"Symfony\\Component\\Security\\Core\\Authentication\\Token\\UsernamePasswordToken"} []
[2023-11-26 15:38:08] security.DEBUG: User was reloaded from a user provider. {"provider":"PrestaShopBundle\\Security\\Admin\\EmployeeProvider","username":"tokar@wp.pl"} []
[2023-11-26 15:38:09] app.ERROR: No result was found for query although at least one row was expected. {"object_type":"Translation"} []
[2023-11-26 15:38:09] app.ERROR: No result was found for query although at least one row was expected. {"object_type":"Translation"} []
[2023-11-26 15:38:09] app.ERROR: No result was found for query although at least one row was expected. {"object_type":"Translation"} []
[2023-11-26 15:38:09] app.ERROR: You must specify as many arguments (%d, %s ...) as the original string. {"object_type":"Translation"} []
[2023-11-26 15:38:09] security.DEBUG: Stored the security token in the session. {"key":"_security_main"} []
[2023-11-30 09:34:04] request.INFO: Matched route "admin_module_manage". {"route":"admin_module_manage","route_parameters":{"category":null,"keyword":null,"_controller":"PrestaShopBundle\\Controller\\Admin\\Improve\\ModuleController::manageAction","_legacy_controller":"AdminModulesManage","_legacy_link":["AdminModulesManage","AdminModulesSf"],"_route":"admin_module_manage"},"request_uri":"https://localhost/admintokar/index.php/improve/modules/manage?_token=Qh3ATAVhgS6Hz3ojGgjqR4XZrYGBptZiF2ygd1JtQ1E","method":"GET"} []
[2023-11-30 09:34:04] security.DEBUG: Read existing security token from the session. {"key":"_security_main","token_class":"Symfony\\Component\\Security\\Core\\Authentication\\Token\\UsernamePasswordToken"} []
[2023-11-30 09:34:04] security.DEBUG: User was reloaded from a user provider. {"provider":"PrestaShopBundle\\Security\\Admin\\EmployeeProvider","username":"tokar@wp.pl"} []
[2023-11-30 09:34:12] app.ERROR: Data from PrestaShop Addons is invalid, and cannot fallback on cache. [] []
[2023-11-30 09:34:13] security.DEBUG: Stored the security token in the session. {"key":"_security_main"} []
[2023-11-30 09:34:32] request.INFO: Matched route "admin_module_notification_count". {"route":"admin_module_notification_count","route_parameters":{"_controller":"PrestaShopBundle\\Controller\\Admin\\Improve\\Modules\\AlertsController::notificationsCountAction","_legacy_controller":"AdminModulesNotifications","_legacy_link":"AdminModulesNotifications:count","_route":"admin_module_notification_count"},"request_uri":"https://localhost/admintokar/index.php/improve/modules/alerts/count?_token=Qh3ATAVhgS6Hz3ojGgjqR4XZrYGBptZiF2ygd1JtQ1E","method":"GET"} []
[2023-11-30 09:34:32] security.DEBUG: Read existing security token from the session. {"key":"_security_main","token_class":"Symfony\\Component\\Security\\Core\\Authentication\\Token\\UsernamePasswordToken"} []
[2023-11-30 09:34:32] security.DEBUG: User was reloaded from a user provider. {"provider":"PrestaShopBundle\\Security\\Admin\\EmployeeProvider","username":"tokar@wp.pl"} []
[2023-11-30 09:34:40] app.ERROR: Data from PrestaShop Addons is invalid, and cannot fallback on cache. [] []
[2023-11-30 09:34:41] security.DEBUG: Stored the security token in the session. {"key":"_security_main"} []
[2023-11-30 09:35:04] request.INFO: Matched route "admin_module_manage". {"route":"admin_module_manage","route_parameters":{"category":null,"keyword":null,"_controller":"PrestaShopBundle\\Controller\\Admin\\Improve\\ModuleController::manageAction","_legacy_controller":"AdminModulesManage","_legacy_link":["AdminModulesManage","AdminModulesSf"],"_route":"admin_module_manage"},"request_uri":"https://localhost/admintokar/index.php/improve/modules/manage?_token=Qh3ATAVhgS6Hz3ojGgjqR4XZrYGBptZiF2ygd1JtQ1E","method":"GET"} []
[2023-11-30 09:35:04] security.DEBUG: Read existing security token from the session. {"key":"_security_main","token_class":"Symfony\\Component\\Security\\Core\\Authentication\\Token\\UsernamePasswordToken"} []
[2023-11-30 09:35:04] security.DEBUG: User was reloaded from a user provider. {"provider":"PrestaShopBundle\\Security\\Admin\\EmployeeProvider","username":"tokar@wp.pl"} []
[2023-11-30 09:35:12] app.ERROR: Data from PrestaShop Addons is invalid, and cannot fallback on cache. [] []
[2023-11-30 09:35:13] security.DEBUG: Stored the security token in the session. {"key":"_security_main"} []
[2023-11-30 09:35:14] request.INFO: Matched route "admin_module_notification_count". {"route":"admin_module_notification_count","route_parameters":{"_controller":"PrestaShopBundle\\Controller\\Admin\\Improve\\Modules\\AlertsController::notificationsCountAction","_legacy_controller":"AdminModulesNotifications","_legacy_link":"AdminModulesNotifications:count","_route":"admin_module_notification_count"},"request_uri":"https://localhost/admintokar/index.php/improve/modules/alerts/count?_token=Qh3ATAVhgS6Hz3ojGgjqR4XZrYGBptZiF2ygd1JtQ1E","method":"GET"} []
[2023-11-30 09:35:14] security.DEBUG: Read existing security token from the session. {"key":"_security_main","token_class":"Symfony\\Component\\Security\\Core\\Authentication\\Token\\UsernamePasswordToken"} []
[2023-11-30 09:35:14] security.DEBUG: User was reloaded from a user provider. {"provider":"PrestaShopBundle\\Security\\Admin\\EmployeeProvider","username":"tokar@wp.pl"} []
[2023-11-30 09:35:14] app.ERROR: Data from PrestaShop Addons is invalid, and cannot fallback on cache. [] []
[2023-11-30 09:35:14] security.DEBUG: Stored the security token in the session. {"key":"_security_main"} []
[2023-11-30 09:35:19] request.INFO: Matched route "admin_module_configure_action". {"route":"admin_module_configure_action","route_parameters":{"_controller":"PrestaShopBundle\\Controller\\Admin\\Improve\\ModuleController::configureModuleAction","_legacy_controller":"AdminModules","module_name":"ps_mainmenu","_route":"admin_module_configure_action"},"request_uri":"https://localhost/admintokar/index.php/improve/modules/manage/action/configure/ps_mainmenu?_token=Qh3ATAVhgS6Hz3ojGgjqR4XZrYGBptZiF2ygd1JtQ1E","method":"GET"} []
[2023-11-30 09:35:19] security.DEBUG: Read existing security token from the session. {"key":"_security_main","token_class":"Symfony\\Component\\Security\\Core\\Authentication\\Token\\UsernamePasswordToken"} []
[2023-11-30 09:35:19] security.DEBUG: User was reloaded from a user provider. {"provider":"PrestaShopBundle\\Security\\Admin\\EmployeeProvider","username":"tokar@wp.pl"} []
[2023-11-30 09:35:19] app.ERROR: Data from PrestaShop Addons is invalid, and cannot fallback on cache. [] []
[2023-11-30 09:35:19] security.DEBUG: Stored the security token in the session. {"key":"_security_main"} []
